#UID            Suite Name                                     Ctx Wrk Fails       t(s)       Iter     Iter/s  Codesize   Datasize
#Results for verification run started at 23104:07:05:51 XCMD=-c4
236760500         MLT cjpeg-rose7-preset                         1   1     0      0.004          1     250.00    110502     268832		
#Results for performance runs started at 23104:07:05:51 XCMD=-c4
236760500         MLT cjpeg-rose7-preset                         1   1     0      0.037         10     270.27    110502     268832		
236760500         MLT cjpeg-rose7-preset                         1   1     0      0.036         10     277.78    110502     268832		
236760500         MLT cjpeg-rose7-preset                         1   1     0      0.036         10     277.78    110502     268832		
#Median for final result cjpeg-rose7-preset/
236760500         MLT cjpeg-rose7-preset                         1   1     0      0.036         10     277.78    110502     268832 median single
#UID            Suite Name                                     Ctx Wrk Fails       t(s)       Iter     Iter/s  Codesize   Datasize
#Results for verification run started at 23104:07:05:51 XCMD=-c4
1050863061        MLT sha-test                                   1   1     0      0.002          1     500.00     79044       2408		
#Results for performance runs started at 23104:07:05:51 XCMD=-c4
1050863061        MLT sha-test                                   1   1     0      0.023         10     434.78     79044       2408		
1050863061        MLT sha-test                                   1   1     0      0.022         10     454.55     79044       2408		
1050863061        MLT sha-test                                   1   1     0      0.022         10     454.55     79044       2408		
#Median for final result sha-test/
1050863061        MLT sha-test                                   1   1     0      0.022         10     454.55     79044       2408 median single
#UID            Suite Name                                     Ctx Wrk Fails       t(s)       Iter     Iter/s  Codesize   Datasize
#Results for verification run started at 23104:07:05:51 XCMD=-c4
490760323         MLT core                                       1   1     0      0.289          1       3.46     68558       4704		
#Results for performance runs started at 23104:07:05:52 XCMD=-c4
490760323         MLT core                                       1   1     0      0.287          1       3.48     68558       4704		
490760323         MLT core                                       1   1     0      0.284          1       3.52     68558       4704		
490760323         MLT core                                       1   1     0      0.284          1       3.52     68558       4704		
#Median for final result core/
490760323         MLT core                                       1   1     0      0.284          1       3.52     68558       4704 median single
#UID            Suite Name                                     Ctx Wrk Fails       t(s)       Iter     Iter/s  Codesize   Datasize
#Results for verification run started at 23104:07:05:53 XCMD=-c4
549578576         MLT nnet_test                                  1   1     0      0.053          1      18.87     72098      43856		
#Results for performance runs started at 23104:07:05:53 XCMD=-c4
549578576         MLT nnet_test                                  1   1     0      0.532         10      18.80     72098      43856		
549578576         MLT nnet_test                                  1   1     0      0.534         10      18.73     72098      43856		
549578576         MLT nnet_test                                  1   1     0      0.526         10      19.01     72098      43856		
#Median for final result nnet_test/
549578576         MLT nnet_test                                  1   1     0      0.532         10      18.80     72098      43856 median single
#UID            Suite Name                                     Ctx Wrk Fails       t(s)       Iter     Iter/s  Codesize   Datasize
#Results for verification run started at 23104:07:05:55 XCMD=-c4
1046644201        MLT linear_alg-mid-100x100-sp                  1   1     0      0.002          1     500.00     73420       4552		
#Results for performance runs started at 23104:07:05:55 XCMD=-c4
1046644201        MLT linear_alg-mid-100x100-sp                  1   1     0      0.132         50     378.79     73420       4552		
1046644201        MLT linear_alg-mid-100x100-sp                  1   1     0      0.132         50     378.79     73420       4552		
1046644201        MLT linear_alg-mid-100x100-sp                  1   1     0      0.130         50     384.62     73420       4552		
#Median for final result linear_alg-mid-100x100-sp/
1046644201        MLT linear_alg-mid-100x100-sp                  1   1     0      0.132         50     378.79     73420       4552 median single
#UID            Suite Name                                     Ctx Wrk Fails       t(s)       Iter     Iter/s  Codesize   Datasize
#Results for verification run started at 23104:07:05:55 XCMD=-c4
780641437         MLT parser-125k                                1   1     0      0.018          1      55.56     88374       2496		
#Results for performance runs started at 23104:07:05:55 XCMD=-c4
780641437         MLT parser-125k                                1   1     0      0.012          1      83.33     88374       2496		
780641437         MLT parser-125k                                1   1     0      0.013          1      76.92     88374       2496		
780641437         MLT parser-125k                                1   1     0      0.012          1      83.33     88374       2496		
#Median for final result parser-125k/
780641437         MLT parser-125k                                1   1     0      0.012          1      83.33     88374       2496 median single
#UID            Suite Name                                     Ctx Wrk Fails       t(s)       Iter     Iter/s  Codesize   Datasize
#Results for verification run started at 23104:07:05:56 XCMD=-c4
1814569103        MLT loops-all-mid-10k-sp                       1   1     0      0.068          1      14.71     89982       8376		
#Results for performance runs started at 23104:07:05:56 XCMD=-c4
1814569103        MLT loops-all-mid-10k-sp                       1   1     0      3.384         50      14.78     89982       8376		
1814569103        MLT loops-all-mid-10k-sp                       1   1     0      3.390         50      14.75     89982       8376		
1814569103        MLT loops-all-mid-10k-sp                       1   1     0      3.444         50      14.52     89982       8376		
#Median for final result loops-all-mid-10k-sp/
1814569103        MLT loops-all-mid-10k-sp                       1   1     0      3.390         50      14.75     89982       8376 median single
#UID            Suite Name                                     Ctx Wrk Fails       t(s)       Iter     Iter/s  Codesize   Datasize
#Results for verification run started at 23104:07:06:06 XCMD=-c4
1862946660        MLT radix2-big-64k                             1   1     0      0.003          1     333.33   1447602       2608		
#Results for performance runs started at 23104:07:06:06 XCMD=-c4
1862946660        MLT radix2-big-64k                             1   1     0      0.919       1000    1088.14   1447602       2608		
1862946660        MLT radix2-big-64k                             1   1     0      0.899       1000    1112.35   1447602       2608		
1862946660        MLT radix2-big-64k                             1   1     0      0.869       1000    1150.75   1447602       2608		
#Median for final result radix2-big-64k/
1862946660        MLT radix2-big-64k                             1   1     0      0.899       1000    1112.35   1447602       2608 median single
#UID            Suite Name                                     Ctx Wrk Fails       t(s)       Iter     Iter/s  Codesize   Datasize
#Results for verification run started at 23104:07:06:09 XCMD=-c4
946108807         MLT zip-test                                   1   1     0      0.004          1     250.00    133052       3000		
#Results for performance runs started at 23104:07:06:09 XCMD=-c4
946108807         MLT zip-test                                   1   1     0      0.004          1     250.00    133052       3000		
946108807         MLT zip-test                                   1   1     0      0.004          1     250.00    133052       3000		
946108807         MLT zip-test                                   1   1     0      0.003          1     333.33    133052       3000		
#Median for final result zip-test/
946108807         MLT zip-test                                   1   1     0      0.004          1     250.00    133052       3000 median single
