#UID            Suite Name                                     Ctx Wrk Fails       t(s)       Iter     Iter/s  Codesize   Datasize
#Results for verification run started at 23104:07:06:10 XCMD=-c4
236760500         MLT cjpeg-rose7-preset                         4   0     0      0.002          1     500.00    110502     268832		
#Results for performance runs started at 23104:07:06:10 XCMD=-c4
236760500         MLT cjpeg-rose7-preset                         4   0     0      0.019         10     526.32    110502     268832		
236760500         MLT cjpeg-rose7-preset                         4   0     0      0.018         10     555.56    110502     268832		
236760500         MLT cjpeg-rose7-preset                         4   0     0      0.018         10     555.56    110502     268832		
#Median for final result cjpeg-rose7-preset/
236760500         MLT cjpeg-rose7-preset                         4   0     0      0.018         10     555.56    110502     268832 median best
#UID            Suite Name                                     Ctx Wrk Fails       t(s)       Iter     Iter/s  Codesize   Datasize
#Results for verification run started at 23104:07:06:10 XCMD=-c4
1050863061        MLT sha-test                                   4   0     0      0.002          1     500.00     79044       2408		
#Results for performance runs started at 23104:07:06:10 XCMD=-c4
1050863061        MLT sha-test                                   4   0     0      0.012         10     833.33     79044       2408		
1050863061        MLT sha-test                                   4   0     0      0.014         10     714.29     79044       2408		
1050863061        MLT sha-test                                   4   0     0      0.013         10     769.23     79044       2408		
#Median for final result sha-test/
1050863061        MLT sha-test                                   4   0     0      0.013         10     769.23     79044       2408 median best
#UID            Suite Name                                     Ctx Wrk Fails       t(s)       Iter     Iter/s  Codesize   Datasize
#Results for verification run started at 23104:07:06:10 XCMD=-c4
490760323         MLT core                                       4   0     0      0.287          1       3.48     68558       4704		
#Results for performance runs started at 23104:07:06:10 XCMD=-c4
490760323         MLT core                                       4   0     0      0.575          4       6.96     68558       4704		
490760323         MLT core                                       4   0     0      0.575          4       6.96     68558       4704		
490760323         MLT core                                       4   0     0      0.578          4       6.92     68558       4704		
#Median for final result core/
490760323         MLT core                                       4   0     0      0.575          4       6.96     68558       4704 median best
#UID            Suite Name                                     Ctx Wrk Fails       t(s)       Iter     Iter/s  Codesize   Datasize
#Results for verification run started at 23104:07:06:12 XCMD=-c4
549578576         MLT nnet_test                                  4   0     0      0.053          1      18.87     72098      43856		
#Results for performance runs started at 23104:07:06:12 XCMD=-c4
549578576         MLT nnet_test                                  4   0     0      0.270         10      37.04     72098      43856		
549578576         MLT nnet_test                                  4   0     0      0.272         10      36.76     72098      43856		
549578576         MLT nnet_test                                  4   0     0      0.268         10      37.31     72098      43856		
#Median for final result nnet_test/
549578576         MLT nnet_test                                  4   0     0      0.270         10      37.04     72098      43856 median best
#UID            Suite Name                                     Ctx Wrk Fails       t(s)       Iter     Iter/s  Codesize   Datasize
#Results for verification run started at 23104:07:06:13 XCMD=-c4
1046644201        MLT linear_alg-mid-100x100-sp                  4   0     0      0.002          1     500.00     73420       4552		
#Results for performance runs started at 23104:07:06:13 XCMD=-c4
1046644201        MLT linear_alg-mid-100x100-sp                  4   0     0      0.067         50     746.27     73420       4552		
1046644201        MLT linear_alg-mid-100x100-sp                  4   0     0      0.070         50     714.29     73420       4552		
1046644201        MLT linear_alg-mid-100x100-sp                  4   0     0      0.068         50     735.29     73420       4552		
#Median for final result linear_alg-mid-100x100-sp/
1046644201        MLT linear_alg-mid-100x100-sp                  4   0     0      0.068         50     735.29     73420       4552 median best
#UID            Suite Name                                     Ctx Wrk Fails       t(s)       Iter     Iter/s  Codesize   Datasize
#Results for verification run started at 23104:07:06:14 XCMD=-c4
780641437         MLT parser-125k                                4   0     0      0.019          1      52.63     88374       2496		
#Results for performance runs started at 23104:07:06:14 XCMD=-c4
780641437         MLT parser-125k                                4   0     0      0.040          4     100.00     88374       2496		
780641437         MLT parser-125k                                4   0     0      0.039          4     102.56     88374       2496		
780641437         MLT parser-125k                                4   0     0      0.034          4     117.65     88374       2496		
#Median for final result parser-125k/
780641437         MLT parser-125k                                4   0     0      0.039          4     102.56     88374       2496 median best
#UID            Suite Name                                     Ctx Wrk Fails       t(s)       Iter     Iter/s  Codesize   Datasize
#Results for verification run started at 23104:07:06:14 XCMD=-c4
1814569103        MLT loops-all-mid-10k-sp                       4   0     0      0.069          1      14.49     89982       8376		
#Results for performance runs started at 23104:07:06:14 XCMD=-c4
1814569103        MLT loops-all-mid-10k-sp                       4   0     0      1.737         50      28.79     89982       8376		
1814569103        MLT loops-all-mid-10k-sp                       4   0     0      1.744         50      28.67     89982       8376		
1814569103        MLT loops-all-mid-10k-sp                       4   0     0      1.728         50      28.94     89982       8376		
#Median for final result loops-all-mid-10k-sp/
1814569103        MLT loops-all-mid-10k-sp                       4   0     0      1.737         50      28.79     89982       8376 median best
#UID            Suite Name                                     Ctx Wrk Fails       t(s)       Iter     Iter/s  Codesize   Datasize
#Results for verification run started at 23104:07:06:19 XCMD=-c4
1862946660        MLT radix2-big-64k                             4   0     0      0.003          1     333.33   1447602       2608		
#Results for performance runs started at 23104:07:06:20 XCMD=-c4
1862946660        MLT radix2-big-64k                             4   0     0      0.454       1000    2202.64   1447602       2608		
1862946660        MLT radix2-big-64k                             4   0     0      0.452       1000    2212.39   1447602       2608		
1862946660        MLT radix2-big-64k                             4   0     0      0.470       1000    2127.66   1447602       2608		
#Median for final result radix2-big-64k/
1862946660        MLT radix2-big-64k                             4   0     0      0.454       1000    2202.64   1447602       2608 median best
#UID            Suite Name                                     Ctx Wrk Fails       t(s)       Iter     Iter/s  Codesize   Datasize
#Results for verification run started at 23104:07:06:21 XCMD=-c4
946108807         MLT zip-test                                   4   0     0      0.004          1     250.00    133052       3000		
#Results for performance runs started at 23104:07:06:21 XCMD=-c4
946108807         MLT zip-test                                   4   0     0      0.012          4     333.33    133052       3000		
946108807         MLT zip-test                                   4   0     0      0.010          4     400.00    133052       3000		
946108807         MLT zip-test                                   4   0     0      0.012          4     333.33    133052       3000		
#Median for final result zip-test/
946108807         MLT zip-test                                   4   0     0      0.012          4     333.33    133052       3000 median best
